<?xml version="1.0" encoding="UTF-8"?>
<testng-results skipped="0" failed="0" ignored="0" total="4" passed="4">
  <reporter-output>
  </reporter-output>
  <suite name="Suite" duration-ms="48" started-at="2020-02-28T17:26:46 CST" finished-at="2020-02-28T17:26:47 CST">
    <groups>
    </groups>
    <test name="Test" duration-ms="48" started-at="2020-02-28T17:26:46 CST" finished-at="2020-02-28T17:26:47 CST">
      <class name="qaclickacademy.AppiumTest">
        <test-method status="PASS" signature="IOSApps()[pri:0, instance:qaclickacademy.AppiumTest@73846619]" name="IOSApps" duration-ms="6" started-at="2020-02-28T17:26:47 CST" finished-at="2020-02-28T17:26:47 CST">
          <reporter-output>
          </reporter-output>
        </test-method> <!-- IOSApps -->
        <test-method status="PASS" signature="nativeAppAndroid()[pri:0, instance:qaclickacademy.AppiumTest@73846619]" name="nativeAppAndroid" duration-ms="0" started-at="2020-02-28T17:26:47 CST" finished-at="2020-02-28T17:26:47 CST">
          <reporter-output>
          </reporter-output>
        </test-method> <!-- nativeAppAndroid -->
      </class> <!-- qaclickacademy.AppiumTest -->
      <class name="qaclickacademy.SeleniumTest">
        <test-method status="PASS" signature="BrowserAutomation()[pri:0, instance:qaclickacademy.SeleniumTest@4bec1f0c]" name="BrowserAutomation" duration-ms="0" started-at="2020-02-28T17:26:47 CST" finished-at="2020-02-28T17:26:47 CST">
          <reporter-output>
          </reporter-output>
        </test-method> <!-- BrowserAutomation -->
        <test-method status="PASS" signature="elementsUI()[pri:0, instance:qaclickacademy.SeleniumTest@4bec1f0c]" name="elementsUI" duration-ms="0" started-at="2020-02-28T17:26:47 CST" finished-at="2020-02-28T17:26:47 CST">
          <reporter-output>
          </reporter-output>
        </test-method> <!-- elementsUI -->
      </class> <!-- qaclickacademy.SeleniumTest -->
    </test> <!-- Test -->
  </suite> <!-- Suite -->
</testng-results>
